<?xml version="1.0" encoding="UTF-8"?>
<!DOCTYPE coverage SYSTEM "https://raw.githubusercontent.com/cobertura/cobertura/master/cobertura/src/site/htdocs/xml/coverage-04.dtd">
<coverage line-rate="0.614593301435407" branch-rate="0" lines-covered="2569" lines-valid="4180" branches-covered="0" branches-valid="0" complexity="0" version="3.6.2" timestamp="2025-12-05 12:32:49">
  <sources>
    <source>C:/Users/claudia.rodes/Documents/GitHub/rfasst</source>
  </sources>
  <packages>
    <package name="rfasst" line-rate="0.614593301435407" branch-rate="0" complexity="0">
      <classes>
        <class name="ancillary_functions.R" filename="R/ancillary_functions.R" line-rate="0.314974182444062" branch-rate="0" complexity="0">
          <methods>
            <method name="left_join_strict" signature="" line-rate="0.5" branch-rate="0" complexity="0">
              <lines>
                <line number="14" hits="3" branch="false"/>
                <line number="17" hits="3" branch="false"/>
                <line number="18" hits="3" branch="false"/>
                <line number="21" hits="3" branch="false"/>
                <line number="22" hits="0" branch="false"/>
                <line number="23" hits="0" branch="false"/>
                <line number="24" hits="0" branch="false"/>
                <line number="25" hits="0" branch="false"/>
                <line number="26" hits="0" branch="false"/>
                <line number="29" hits="3" branch="false"/>
              </lines>
            </method>
            <method name="if_complex" signature="" line-rate="0" branch-rate="0" complexity="0">
              <lines>
                <line number="43" hits="0" branch="false"/>
                <line number="44" hits="0" branch="false"/>
                <line number="46" hits="0" branch="false"/>
              </lines>
            </method>
            <method name="check_byu" signature="" line-rate="1" branch-rate="0" complexity="0">
              <lines>
                <line number="59" hits="64" branch="false"/>
                <line number="60" hits="9" branch="false"/>
                <line number="61" hits="9" branch="false"/>
                <line number="64" hits="64" branch="false"/>
              </lines>
            </method>
            <method name="check_gcamversion" signature="" line-rate="1" branch-rate="0" complexity="0">
              <lines>
                <line number="79" hits="19" branch="false"/>
                <line number="80" hits="3" branch="false"/>
                <line number="81" hits="3" branch="false"/>
                <line number="82" hits="3" branch="false"/>
                <line number="83" hits="3" branch="false"/>
                <line number="84" hits="3" branch="false"/>
                <line number="85" hits="3" branch="false"/>
                <line number="86" hits="16" branch="false"/>
                <line number="87" hits="1" branch="false"/>
                <line number="88" hits="1" branch="false"/>
                <line number="89" hits="1" branch="false"/>
                <line number="90" hits="1" branch="false"/>
                <line number="91" hits="1" branch="false"/>
                <line number="92" hits="1" branch="false"/>
                <line number="94" hits="15" branch="false"/>
                <line number="95" hits="15" branch="false"/>
                <line number="96" hits="15" branch="false"/>
                <line number="97" hits="15" branch="false"/>
                <line number="98" hits="15" branch="false"/>
                <line number="99" hits="15" branch="false"/>
                <line number="102" hits="19" branch="false"/>
              </lines>
            </method>
            <method name="load_prj" signature="" line-rate="0.217391304347826" branch-rate="0" complexity="0">
              <lines>
                <line number="120" hits="2" branch="false"/>
                <line number="121" hits="2" branch="false"/>
                <line number="122" hits="0" branch="false"/>
                <line number="123" hits="0" branch="false"/>
                <line number="124" hits="0" branch="false"/>
                <line number="125" hits="0" branch="false"/>
                <line number="126" hits="0" branch="false"/>
                <line number="127" hits="0" branch="false"/>
                <line number="128" hits="0" branch="false"/>
                <line number="129" hits="0" branch="false"/>
                <line number="132" hits="0" branch="false"/>
                <line number="133" hits="0" branch="false"/>
                <line number="134" hits="0" branch="false"/>
                <line number="135" hits="0" branch="false"/>
                <line number="136" hits="0" branch="false"/>
                <line number="137" hits="0" branch="false"/>
                <line number="138" hits="0" branch="false"/>
                <line number="139" hits="0" branch="false"/>
                <line number="142" hits="0" branch="false"/>
                <line number="145" hits="2" branch="false"/>
                <line number="146" hits="2" branch="false"/>
                <line number="149" hits="0" branch="false"/>
                <line number="152" hits="2" branch="false"/>
              </lines>
            </method>
            <method name="clean_pkg_outputs" signature="" line-rate="0" branch-rate="0" complexity="0">
              <lines>
                <line number="161" hits="0" branch="false"/>
                <line number="162" hits="0" branch="false"/>
                <line number="163" hits="0" branch="false"/>
                <line number="164" hits="0" branch="false"/>
                <line number="165" hits="0" branch="false"/>
                <line number="166" hits="0" branch="false"/>
                <line number="167" hits="0" branch="false"/>
                <line number="168" hits="0" branch="false"/>
                <line number="169" hits="0" branch="false"/>
                <line number="170" hits="0" branch="false"/>
                <line number="171" hits="0" branch="false"/>
                <line number="172" hits="0" branch="false"/>
                <line number="173" hits="0" branch="false"/>
                <line number="174" hits="0" branch="false"/>
                <line number="175" hits="0" branch="false"/>
                <line number="176" hits="0" branch="false"/>
                <line number="177" hits="0" branch="false"/>
                <line number="178" hits="0" branch="false"/>
                <line number="179" hits="0" branch="false"/>
                <line number="180" hits="0" branch="false"/>
                <line number="181" hits="0" branch="false"/>
                <line number="182" hits="0" branch="false"/>
                <line number="183" hits="0" branch="false"/>
                <line number="185" hits="0" branch="false"/>
                <line number="186" hits="0" branch="false"/>
                <line number="187" hits="0" branch="false"/>
                <line number="188" hits="0" branch="false"/>
                <line number="192" hits="0" branch="false"/>
              </lines>
            </method>
            <method name="data_query" signature="" line-rate="0" branch-rate="0" complexity="0">
              <lines>
                <line number="212" hits="0" branch="false"/>
                <line number="213" hits="0" branch="false"/>
                <line number="214" hits="0" branch="false"/>
                <line number="217" hits="0" branch="false"/>
                <line number="218" hits="0" branch="false"/>
                <line number="219" hits="0" branch="false"/>
                <line number="220" hits="0" branch="false"/>
                <line number="221" hits="0" branch="false"/>
                <line number="222" hits="0" branch="false"/>
                <line number="224" hits="0" branch="false"/>
                <line number="225" hits="0" branch="false"/>
                <line number="226" hits="0" branch="false"/>
                <line number="227" hits="0" branch="false"/>
                <line number="228" hits="0" branch="false"/>
                <line number="229" hits="0" branch="false"/>
                <line number="230" hits="0" branch="false"/>
                <line number="231" hits="0" branch="false"/>
                <line number="232" hits="0" branch="false"/>
                <line number="233" hits="0" branch="false"/>
                <line number="234" hits="0" branch="false"/>
                <line number="235" hits="0" branch="false"/>
                <line number="236" hits="0" branch="false"/>
                <line number="238" hits="0" branch="false"/>
                <line number="239" hits="0" branch="false"/>
                <line number="240" hits="0" branch="false"/>
                <line number="241" hits="0" branch="false"/>
                <line number="242" hits="0" branch="false"/>
                <line number="244" hits="0" branch="false"/>
                <line number="245" hits="0" branch="false"/>
                <line number="246" hits="0" branch="false"/>
                <line number="247" hits="0" branch="false"/>
                <line number="248" hits="0" branch="false"/>
                <line number="249" hits="0" branch="false"/>
                <line number="252" hits="0" branch="false"/>
                <line number="253" hits="0" branch="false"/>
                <line number="255" hits="0" branch="false"/>
              </lines>
            </method>
            <method name="calc_pop_grid" signature="" line-rate="0" branch-rate="0" complexity="0">
              <lines>
                <line number="262" hits="0" branch="false"/>
                <line number="264" hits="0" branch="false"/>
                <line number="265" hits="0" branch="false"/>
                <line number="267" hits="0" branch="false"/>
                <line number="268" hits="0" branch="false"/>
                <line number="269" hits="0" branch="false"/>
                <line number="271" hits="0" branch="false"/>
                <line number="272" hits="0" branch="false"/>
                <line number="275" hits="0" branch="false"/>
                <line number="277" hits="0" branch="false"/>
                <line number="278" hits="0" branch="false"/>
                <line number="279" hits="0" branch="false"/>
                <line number="281" hits="0" branch="false"/>
              </lines>
            </method>
            <method name="calc_pop" signature="" line-rate="1" branch-rate="0" complexity="0">
              <lines>
                <line number="298" hits="1" branch="false"/>
                <line number="301" hits="1" branch="false"/>
                <line number="302" hits="1" branch="false"/>
                <line number="303" hits="1" branch="false"/>
                <line number="304" hits="1" branch="false"/>
                <line number="305" hits="1" branch="false"/>
                <line number="306" hits="1" branch="false"/>
                <line number="308" hits="1" branch="false"/>
                <line number="309" hits="1" branch="false"/>
                <line number="310" hits="1" branch="false"/>
                <line number="312" hits="1" branch="false"/>
                <line number="313" hits="1" branch="false"/>
                <line number="314" hits="1" branch="false"/>
                <line number="315" hits="1" branch="false"/>
                <line number="316" hits="1" branch="false"/>
                <line number="317" hits="1" branch="false"/>
                <line number="318" hits="1" branch="false"/>
                <line number="321" hits="1" branch="false"/>
                <line number="322" hits="1" branch="false"/>
                <line number="323" hits="1" branch="false"/>
                <line number="324" hits="1" branch="false"/>
                <line number="325" hits="1" branch="false"/>
                <line number="326" hits="1" branch="false"/>
                <line number="328" hits="1" branch="false"/>
                <line number="329" hits="1" branch="false"/>
                <line number="330" hits="1" branch="false"/>
                <line number="331" hits="1" branch="false"/>
                <line number="332" hits="1" branch="false"/>
                <line number="333" hits="1" branch="false"/>
                <line number="334" hits="1" branch="false"/>
                <line number="336" hits="1" branch="false"/>
                <line number="337" hits="1" branch="false"/>
                <line number="338" hits="1" branch="false"/>
                <line number="339" hits="1" branch="false"/>
                <line number="340" hits="1" branch="false"/>
                <line number="341" hits="1" branch="false"/>
                <line number="342" hits="1" branch="false"/>
                <line number="343" hits="1" branch="false"/>
                <line number="344" hits="1" branch="false"/>
                <line number="345" hits="1" branch="false"/>
                <line number="346" hits="1" branch="false"/>
                <line number="347" hits="1" branch="false"/>
                <line number="348" hits="1" branch="false"/>
                <line number="349" hits="1" branch="false"/>
                <line number="350" hits="1" branch="false"/>
                <line number="351" hits="1" branch="false"/>
                <line number="352" hits="1" branch="false"/>
                <line number="353" hits="1" branch="false"/>
                <line number="354" hits="1" branch="false"/>
                <line number="355" hits="1" branch="false"/>
                <line number="357" hits="1" branch="false"/>
                <line number="358" hits="1" branch="false"/>
                <line number="359" hits="1" branch="false"/>
                <line number="360" hits="1" branch="false"/>
                <line number="361" hits="1" branch="false"/>
                <line number="362" hits="1" branch="false"/>
                <line number="363" hits="1" branch="false"/>
                <line number="366" hits="1" branch="false"/>
                <line number="367" hits="1" branch="false"/>
                <line number="368" hits="1" branch="false"/>
                <line number="369" hits="1" branch="false"/>
                <line number="370" hits="1" branch="false"/>
                <line number="371" hits="1" branch="false"/>
                <line number="372" hits="1" branch="false"/>
                <line number="373" hits="1" branch="false"/>
                <line number="374" hits="1" branch="false"/>
                <line number="375" hits="1" branch="false"/>
                <line number="377" hits="1" branch="false"/>
                <line number="378" hits="1" branch="false"/>
                <line number="379" hits="1" branch="false"/>
                <line number="380" hits="1" branch="false"/>
                <line number="381" hits="1" branch="false"/>
                <line number="382" hits="1" branch="false"/>
                <line number="383" hits="1" branch="false"/>
                <line number="386" hits="1" branch="false"/>
                <line number="387" hits="1" branch="false"/>
                <line number="388" hits="1" branch="false"/>
                <line number="389" hits="1" branch="false"/>
                <line number="390" hits="1" branch="false"/>
                <line number="391" hits="1" branch="false"/>
                <line number="392" hits="1" branch="false"/>
                <line number="393" hits="1" branch="false"/>
                <line number="394" hits="1" branch="false"/>
                <line number="395" hits="1" branch="false"/>
                <line number="401" hits="1" branch="false"/>
                <line number="402" hits="1" branch="false"/>
                <line number="403" hits="1" branch="false"/>
                <line number="405" hits="1" branch="false"/>
                <line number="406" hits="1" branch="false"/>
                <line number="407" hits="1" branch="false"/>
                <line number="408" hits="1" branch="false"/>
                <line number="409" hits="1" branch="false"/>
                <line number="410" hits="1" branch="false"/>
                <line number="411" hits="1" branch="false"/>
                <line number="412" hits="1" branch="false"/>
                <line number="414" hits="1" branch="false"/>
                <line number="415" hits="1" branch="false"/>
                <line number="416" hits="1" branch="false"/>
                <line number="417" hits="1" branch="false"/>
                <line number="418" hits="1" branch="false"/>
                <line number="419" hits="1" branch="false"/>
                <line number="420" hits="1" branch="false"/>
                <line number="421" hits="1" branch="false"/>
                <line number="422" hits="1" branch="false"/>
                <line number="423" hits="1" branch="false"/>
                <line number="426" hits="1" branch="false"/>
                <line number="431" hits="1" branch="false"/>
                <line number="433" hits="1" branch="false"/>
                <line number="436" hits="1" branch="false"/>
                <line number="437" hits="1" branch="false"/>
                <line number="438" hits="1" branch="false"/>
                <line number="439" hits="1" branch="false"/>
                <line number="441" hits="1" branch="false"/>
              </lines>
            </method>
            <method name="calc_pop_rfasst_reg_str" signature="" line-rate="0" branch-rate="0" complexity="0">
              <lines>
                <line number="460" hits="0" branch="false"/>
                <line number="463" hits="0" branch="false"/>
                <line number="464" hits="0" branch="false"/>
                <line number="465" hits="0" branch="false"/>
                <line number="466" hits="0" branch="false"/>
                <line number="467" hits="0" branch="false"/>
                <line number="468" hits="0" branch="false"/>
                <line number="470" hits="0" branch="false"/>
                <line number="471" hits="0" branch="false"/>
                <line number="472" hits="0" branch="false"/>
                <line number="473" hits="0" branch="false"/>
                <line number="474" hits="0" branch="false"/>
                <line number="475" hits="0" branch="false"/>
                <line number="476" hits="0" branch="false"/>
                <line number="477" hits="0" branch="false"/>
                <line number="478" hits="0" branch="false"/>
                <line number="479" hits="0" branch="false"/>
                <line number="480" hits="0" branch="false"/>
                <line number="481" hits="0" branch="false"/>
                <line number="482" hits="0" branch="false"/>
                <line number="483" hits="0" branch="false"/>
                <line number="484" hits="0" branch="false"/>
                <line number="485" hits="0" branch="false"/>
                <line number="487" hits="0" branch="false"/>
                <line number="488" hits="0" branch="false"/>
                <line number="489" hits="0" branch="false"/>
                <line number="490" hits="0" branch="false"/>
                <line number="491" hits="0" branch="false"/>
                <line number="492" hits="0" branch="false"/>
                <line number="493" hits="0" branch="false"/>
                <line number="498" hits="0" branch="false"/>
                <line number="499" hits="0" branch="false"/>
                <line number="500" hits="0" branch="false"/>
                <line number="501" hits="0" branch="false"/>
                <line number="502" hits="0" branch="false"/>
                <line number="503" hits="0" branch="false"/>
                <line number="504" hits="0" branch="false"/>
                <line number="506" hits="0" branch="false"/>
                <line number="507" hits="0" branch="false"/>
                <line number="508" hits="0" branch="false"/>
                <line number="509" hits="0" branch="false"/>
                <line number="510" hits="0" branch="false"/>
                <line number="511" hits="0" branch="false"/>
                <line number="512" hits="0" branch="false"/>
                <line number="513" hits="0" branch="false"/>
                <line number="515" hits="0" branch="false"/>
                <line number="516" hits="0" branch="false"/>
                <line number="517" hits="0" branch="false"/>
                <line number="518" hits="0" branch="false"/>
                <line number="519" hits="0" branch="false"/>
                <line number="520" hits="0" branch="false"/>
                <line number="521" hits="0" branch="false"/>
                <line number="522" hits="0" branch="false"/>
                <line number="523" hits="0" branch="false"/>
                <line number="524" hits="0" branch="false"/>
                <line number="525" hits="0" branch="false"/>
                <line number="526" hits="0" branch="false"/>
                <line number="527" hits="0" branch="false"/>
                <line number="528" hits="0" branch="false"/>
                <line number="529" hits="0" branch="false"/>
                <line number="530" hits="0" branch="false"/>
                <line number="533" hits="0" branch="false"/>
                <line number="538" hits="0" branch="false"/>
                <line number="540" hits="0" branch="false"/>
                <line number="543" hits="0" branch="false"/>
                <line number="544" hits="0" branch="false"/>
                <line number="545" hits="0" branch="false"/>
                <line number="546" hits="0" branch="false"/>
                <line number="547" hits="0" branch="false"/>
                <line number="548" hits="0" branch="false"/>
                <line number="551" hits="0" branch="false"/>
                <line number="552" hits="0" branch="false"/>
                <line number="553" hits="0" branch="false"/>
                <line number="554" hits="0" branch="false"/>
                <line number="555" hits="0" branch="false"/>
                <line number="557" hits="0" branch="false"/>
                <line number="558" hits="0" branch="false"/>
                <line number="559" hits="0" branch="false"/>
                <line number="560" hits="0" branch="false"/>
                <line number="562" hits="0" branch="false"/>
              </lines>
            </method>
            <method name="calc_pop_ctry_nuts3_str" signature="" line-rate="0" branch-rate="0" complexity="0">
              <lines>
                <line number="583" hits="0" branch="false"/>
                <line number="586" hits="0" branch="false"/>
                <line number="587" hits="0" branch="false"/>
                <line number="588" hits="0" branch="false"/>
                <line number="589" hits="0" branch="false"/>
                <line number="590" hits="0" branch="false"/>
                <line number="591" hits="0" branch="false"/>
                <line number="593" hits="0" branch="false"/>
                <line number="594" hits="0" branch="false"/>
                <line number="595" hits="0" branch="false"/>
                <line number="596" hits="0" branch="false"/>
                <line number="597" hits="0" branch="false"/>
                <line number="598" hits="0" branch="false"/>
                <line number="599" hits="0" branch="false"/>
                <line number="600" hits="0" branch="false"/>
                <line number="601" hits="0" branch="false"/>
                <line number="602" hits="0" branch="false"/>
                <line number="603" hits="0" branch="false"/>
                <line number="604" hits="0" branch="false"/>
                <line number="605" hits="0" branch="false"/>
                <line number="606" hits="0" branch="false"/>
                <line number="607" hits="0" branch="false"/>
                <line number="608" hits="0" branch="false"/>
                <line number="610" hits="0" branch="false"/>
                <line number="611" hits="0" branch="false"/>
                <line number="612" hits="0" branch="false"/>
                <line number="613" hits="0" branch="false"/>
                <line number="614" hits="0" branch="false"/>
                <line number="615" hits="0" branch="false"/>
                <line number="617" hits="0" branch="false"/>
                <line number="618" hits="0" branch="false"/>
                <line number="619" hits="0" branch="false"/>
                <line number="620" hits="0" branch="false"/>
                <line number="621" hits="0" branch="false"/>
                <line number="622" hits="0" branch="false"/>
                <line number="623" hits="0" branch="false"/>
                <line number="624" hits="0" branch="false"/>
                <line number="625" hits="0" branch="false"/>
                <line number="626" hits="0" branch="false"/>
                <line number="627" hits="0" branch="false"/>
                <line number="628" hits="0" branch="false"/>
                <line number="629" hits="0" branch="false"/>
                <line number="630" hits="0" branch="false"/>
                <line number="634" hits="0" branch="false"/>
                <line number="635" hits="0" branch="false"/>
                <line number="637" hits="0" branch="false"/>
                <line number="638" hits="0" branch="false"/>
                <line number="639" hits="0" branch="false"/>
                <line number="641" hits="0" branch="false"/>
                <line number="642" hits="0" branch="false"/>
                <line number="643" hits="0" branch="false"/>
                <line number="644" hits="0" branch="false"/>
                <line number="645" hits="0" branch="false"/>
                <line number="647" hits="0" branch="false"/>
                <line number="648" hits="0" branch="false"/>
                <line number="649" hits="0" branch="false"/>
                <line number="650" hits="0" branch="false"/>
                <line number="651" hits="0" branch="false"/>
                <line number="652" hits="0" branch="false"/>
                <line number="653" hits="0" branch="false"/>
                <line number="654" hits="0" branch="false"/>
                <line number="656" hits="0" branch="false"/>
                <line number="657" hits="0" branch="false"/>
                <line number="658" hits="0" branch="false"/>
                <line number="659" hits="0" branch="false"/>
                <line number="660" hits="0" branch="false"/>
                <line number="661" hits="0" branch="false"/>
                <line number="662" hits="0" branch="false"/>
                <line number="663" hits="0" branch="false"/>
                <line number="664" hits="0" branch="false"/>
                <line number="665" hits="0" branch="false"/>
                <line number="666" hits="0" branch="false"/>
                <line number="667" hits="0" branch="false"/>
                <line number="668" hits="0" branch="false"/>
                <line number="669" hits="0" branch="false"/>
                <line number="670" hits="0" branch="false"/>
                <line number="671" hits="0" branch="false"/>
                <line number="672" hits="0" branch="false"/>
                <line number="675" hits="0" branch="false"/>
                <line number="678" hits="0" branch="false"/>
                <line number="679" hits="0" branch="false"/>
                <line number="680" hits="0" branch="false"/>
                <line number="683" hits="0" branch="false"/>
                <line number="684" hits="0" branch="false"/>
                <line number="685" hits="0" branch="false"/>
                <line number="686" hits="0" branch="false"/>
                <line number="687" hits="0" branch="false"/>
                <line number="689" hits="0" branch="false"/>
                <line number="690" hits="0" branch="false"/>
                <line number="691" hits="0" branch="false"/>
                <line number="692" hits="0" branch="false"/>
                <line number="694" hits="0" branch="false"/>
              </lines>
            </method>
            <method name="calc_pop_ctry_ctry_str" signature="" line-rate="0" branch-rate="0" complexity="0">
              <lines>
                <line number="714" hits="0" branch="false"/>
                <line number="717" hits="0" branch="false"/>
                <line number="718" hits="0" branch="false"/>
                <line number="719" hits="0" branch="false"/>
                <line number="720" hits="0" branch="false"/>
                <line number="721" hits="0" branch="false"/>
                <line number="722" hits="0" branch="false"/>
                <line number="724" hits="0" branch="false"/>
                <line number="725" hits="0" branch="false"/>
                <line number="726" hits="0" branch="false"/>
                <line number="727" hits="0" branch="false"/>
                <line number="728" hits="0" branch="false"/>
                <line number="729" hits="0" branch="false"/>
                <line number="730" hits="0" branch="false"/>
                <line number="731" hits="0" branch="false"/>
                <line number="732" hits="0" branch="false"/>
                <line number="733" hits="0" branch="false"/>
                <line number="734" hits="0" branch="false"/>
                <line number="735" hits="0" branch="false"/>
                <line number="736" hits="0" branch="false"/>
                <line number="737" hits="0" branch="false"/>
                <line number="738" hits="0" branch="false"/>
                <line number="739" hits="0" branch="false"/>
                <line number="741" hits="0" branch="false"/>
                <line number="742" hits="0" branch="false"/>
                <line number="743" hits="0" branch="false"/>
                <line number="744" hits="0" branch="false"/>
                <line number="745" hits="0" branch="false"/>
                <line number="746" hits="0" branch="false"/>
                <line number="747" hits="0" branch="false"/>
                <line number="748" hits="0" branch="false"/>
                <line number="749" hits="0" branch="false"/>
                <line number="753" hits="0" branch="false"/>
                <line number="754" hits="0" branch="false"/>
                <line number="756" hits="0" branch="false"/>
                <line number="757" hits="0" branch="false"/>
                <line number="758" hits="0" branch="false"/>
                <line number="760" hits="0" branch="false"/>
                <line number="761" hits="0" branch="false"/>
                <line number="762" hits="0" branch="false"/>
                <line number="763" hits="0" branch="false"/>
                <line number="764" hits="0" branch="false"/>
                <line number="766" hits="0" branch="false"/>
                <line number="767" hits="0" branch="false"/>
                <line number="768" hits="0" branch="false"/>
                <line number="769" hits="0" branch="false"/>
                <line number="770" hits="0" branch="false"/>
                <line number="771" hits="0" branch="false"/>
                <line number="772" hits="0" branch="false"/>
                <line number="773" hits="0" branch="false"/>
                <line number="775" hits="0" branch="false"/>
                <line number="776" hits="0" branch="false"/>
                <line number="777" hits="0" branch="false"/>
                <line number="778" hits="0" branch="false"/>
                <line number="779" hits="0" branch="false"/>
                <line number="780" hits="0" branch="false"/>
                <line number="781" hits="0" branch="false"/>
                <line number="782" hits="0" branch="false"/>
                <line number="783" hits="0" branch="false"/>
                <line number="784" hits="0" branch="false"/>
                <line number="785" hits="0" branch="false"/>
                <line number="786" hits="0" branch="false"/>
                <line number="787" hits="0" branch="false"/>
                <line number="788" hits="0" branch="false"/>
                <line number="789" hits="0" branch="false"/>
                <line number="790" hits="0" branch="false"/>
                <line number="791" hits="0" branch="false"/>
                <line number="794" hits="0" branch="false"/>
                <line number="797" hits="0" branch="false"/>
                <line number="798" hits="0" branch="false"/>
                <line number="799" hits="0" branch="false"/>
                <line number="802" hits="0" branch="false"/>
                <line number="803" hits="0" branch="false"/>
                <line number="804" hits="0" branch="false"/>
                <line number="805" hits="0" branch="false"/>
                <line number="806" hits="0" branch="false"/>
                <line number="808" hits="0" branch="false"/>
                <line number="809" hits="0" branch="false"/>
                <line number="810" hits="0" branch="false"/>
                <line number="811" hits="0" branch="false"/>
                <line number="813" hits="0" branch="false"/>
              </lines>
            </method>
            <method name="calc_gdp_pc_reg" signature="" line-rate="1" branch-rate="0" complexity="0">
              <lines>
                <line number="833" hits="1" branch="false"/>
                <line number="836" hits="1" branch="false"/>
                <line number="839" hits="1" branch="false"/>
                <line number="840" hits="1" branch="false"/>
                <line number="841" hits="1" branch="false"/>
                <line number="842" hits="1" branch="false"/>
                <line number="843" hits="1" branch="false"/>
                <line number="844" hits="1" branch="false"/>
                <line number="847" hits="1" branch="false"/>
                <line number="848" hits="1" branch="false"/>
                <line number="849" hits="1" branch="false"/>
                <line number="850" hits="1" branch="false"/>
                <line number="851" hits="1" branch="false"/>
                <line number="852" hits="1" branch="false"/>
                <line number="853" hits="1" branch="false"/>
                <line number="854" hits="1" branch="false"/>
                <line number="856" hits="1" branch="false"/>
                <line number="857" hits="1" branch="false"/>
                <line number="858" hits="1" branch="false"/>
                <line number="859" hits="1" branch="false"/>
                <line number="860" hits="1" branch="false"/>
                <line number="861" hits="1" branch="false"/>
                <line number="862" hits="1" branch="false"/>
                <line number="863" hits="1" branch="false"/>
                <line number="866" hits="1" branch="false"/>
                <line number="868" hits="1" branch="false"/>
                <line number="871" hits="1" branch="false"/>
                <line number="872" hits="1" branch="false"/>
                <line number="873" hits="1" branch="false"/>
                <line number="874" hits="1" branch="false"/>
                <line number="875" hits="1" branch="false"/>
                <line number="876" hits="1" branch="false"/>
                <line number="877" hits="1" branch="false"/>
                <line number="878" hits="1" branch="false"/>
                <line number="880" hits="1" branch="false"/>
              </lines>
            </method>
            <method name="calc_gdp_pc_ctry_nuts3" signature="" line-rate="0" branch-rate="0" complexity="0">
              <lines>
                <line number="899" hits="0" branch="false"/>
                <line number="902" hits="0" branch="false"/>
                <line number="903" hits="0" branch="false"/>
                <line number="904" hits="0" branch="false"/>
                <line number="905" hits="0" branch="false"/>
                <line number="906" hits="0" branch="false"/>
                <line number="908" hits="0" branch="false"/>
                <line number="909" hits="0" branch="false"/>
                <line number="910" hits="0" branch="false"/>
                <line number="911" hits="0" branch="false"/>
                <line number="912" hits="0" branch="false"/>
                <line number="913" hits="0" branch="false"/>
                <line number="914" hits="0" branch="false"/>
                <line number="916" hits="0" branch="false"/>
                <line number="917" hits="0" branch="false"/>
                <line number="918" hits="0" branch="false"/>
                <line number="919" hits="0" branch="false"/>
                <line number="920" hits="0" branch="false"/>
                <line number="922" hits="0" branch="false"/>
                <line number="923" hits="0" branch="false"/>
                <line number="924" hits="0" branch="false"/>
                <line number="925" hits="0" branch="false"/>
                <line number="926" hits="0" branch="false"/>
                <line number="927" hits="0" branch="false"/>
                <line number="928" hits="0" branch="false"/>
                <line number="930" hits="0" branch="false"/>
                <line number="931" hits="0" branch="false"/>
                <line number="932" hits="0" branch="false"/>
                <line number="933" hits="0" branch="false"/>
                <line number="934" hits="0" branch="false"/>
                <line number="935" hits="0" branch="false"/>
                <line number="936" hits="0" branch="false"/>
                <line number="938" hits="0" branch="false"/>
              </lines>
            </method>
            <method name="interpLinear" signature="" line-rate="0" branch-rate="0" complexity="0">
              <lines>
                <line number="954" hits="0" branch="false"/>
                <line number="955" hits="0" branch="false"/>
                <line number="956" hits="0" branch="false"/>
                <line number="957" hits="0" branch="false"/>
                <line number="958" hits="0" branch="false"/>
                <line number="959" hits="0" branch="false"/>
                <line number="960" hits="0" branch="false"/>
                <line number="961" hits="0" branch="false"/>
                <line number="963" hits="0" branch="false"/>
              </lines>
            </method>
          </methods>
          <lines>
            <line number="14" hits="3" branch="false"/>
            <line number="17" hits="3" branch="false"/>
            <line number="18" hits="3" branch="false"/>
            <line number="21" hits="3" branch="false"/>
            <line number="22" hits="0" branch="false"/>
            <line number="23" hits="0" branch="false"/>
            <line number="24" hits="0" branch="false"/>
            <line number="25" hits="0" branch="false"/>
            <line number="26" hits="0" branch="false"/>
            <line number="29" hits="3" branch="false"/>
            <line number="43" hits="0" branch="false"/>
            <line number="44" hits="0" branch="false"/>
            <line number="46" hits="0" branch="false"/>
            <line number="59" hits="64" branch="false"/>
            <line number="60" hits="9" branch="false"/>
            <line number="61" hits="9" branch="false"/>
            <line number="64" hits="64" branch="false"/>
            <line number="79" hits="19" branch="false"/>
            <line number="80" hits="3" branch="false"/>
            <line number="81" hits="3" branch="false"/>
            <line number="82" hits="3" branch="false"/>
            <line number="83" hits="3" branch="false"/>
            <line number="84" hits="3" branch="false"/>
            <line number="85" hits="3" branch="false"/>
            <line number="86" hits="16" branch="false"/>
            <line number="87" hits="1" branch="false"/>
            <line number="88" hits="1" branch="false"/>
            <line number="89" hits="1" branch="false"/>
            <line number="90" hits="1" branch="false"/>
            <line number="91" hits="1" branch="false"/>
            <line number="92" hits="1" branch="false"/>
            <line number="94" hits="15" branch="false"/>
            <line number="95" hits="15" branch="false"/>
            <line number="96" hits="15" branch="false"/>
            <line number="97" hits="15" branch="false"/>
            <line number="98" hits="15" branch="false"/>
            <line number="99" hits="15" branch="false"/>
            <line number="102" hits="19" branch="false"/>
            <line number="120" hits="2" branch="false"/>
            <line number="121" hits="2" branch="false"/>
            <line number="122" hits="0" branch="false"/>
            <line number="123" hits="0" branch="false"/>
            <line number="124" hits="0" branch="false"/>
            <line number="125" hits="0" branch="false"/>
            <line number="126" hits="0" branch="false"/>
            <line number="127" hits="0" branch="false"/>
            <line number="128" hits="0" branch="false"/>
            <line number="129" hits="0" branch="false"/>
            <line number="132" hits="0" branch="false"/>
            <line number="133" hits="0" branch="false"/>
            <line number="134" hits="0" branch="false"/>
            <line number="135" hits="0" branch="false"/>
            <line number="136" hits="0" branch="false"/>
            <line number="137" hits="0" branch="false"/>
            <line number="138" hits="0" branch="false"/>
            <line number="139" hits="0" branch="false"/>
            <line number="142" hits="0" branch="false"/>
            <line number="145" hits="2" branch="false"/>
            <line number="146" hits="2" branch="false"/>
            <line number="149" hits="0" branch="false"/>
            <line number="152" hits="2" branch="false"/>
            <line number="161" hits="0" branch="false"/>
            <line number="162" hits="0" branch="false"/>
            <line number="163" hits="0" branch="false"/>
            <line number="164" hits="0" branch="false"/>
            <line number="165" hits="0" branch="false"/>
            <line number="166" hits="0" branch="false"/>
            <line number="167" hits="0" branch="false"/>
            <line number="168" hits="0" branch="false"/>
            <line number="169" hits="0" branch="false"/>
            <line number="170" hits="0" branch="false"/>
            <line number="171" hits="0" branch="false"/>
            <line number="172" hits="0" branch="false"/>
            <line number="173" hits="0" branch="false"/>
            <line number="174" hits="0" branch="false"/>
            <line number="175" hits="0" branch="false"/>
            <line number="176" hits="0" branch="false"/>
            <line number="177" hits="0" branch="false"/>
            <line number="178" hits="0" branch="false"/>
            <line number="179" hits="0" branch="false"/>
            <line number="180" hits="0" branch="false"/>
            <line number="181" hits="0" branch="false"/>
            <line number="182" hits="0" branch="false"/>
            <line number="183" hits="0" branch="false"/>
            <line number="185" hits="0" branch="false"/>
            <line number="186" hits="0" branch="false"/>
            <line number="187" hits="0" branch="false"/>
            <line number="188" hits="0" branch="false"/>
            <line number="192" hits="0" branch="false"/>
            <line number="212" hits="0" branch="false"/>
            <line number="213" hits="0" branch="false"/>
            <line number="214" hits="0" branch="false"/>
            <line number="217" hits="0" branch="false"/>
            <line number="218" hits="0" branch="false"/>
            <line number="219" hits="0" branch="false"/>
            <line number="220" hits="0" branch="false"/>
            <line number="221" hits="0" branch="false"/>
            <line number="222" hits="0" branch="false"/>
            <line number="224" hits="0" branch="false"/>
            <line number="225" hits="0" branch="false"/>
            <line number="226" hits="0" branch="false"/>
            <line number="227" hits="0" branch="false"/>
            <line number="228" hits="0" branch="false"/>
            <line number="229" hits="0" branch="false"/>
            <line number="230" hits="0" branch="false"/>
            <line number="231" hits="0" branch="false"/>
            <line number="232" hits="0" branch="false"/>
            <line number="233" hits="0" branch="false"/>
            <line number="234" hits="0" branch="false"/>
            <line number="235" hits="0" branch="false"/>
            <line number="236" hits="0" branch="false"/>
            <line number="238" hits="0" branch="false"/>
            <line number="239" hits="0" branch="false"/>
            <line number="240" hits="0" branch="false"/>
            <line number="241" hits="0" branch="false"/>
            <line number="242" hits="0" branch="false"/>
            <line number="244" hits="0" branch="false"/>
            <line number="245" hits="0" branch="false"/>
            <line number="246" hits="0" branch="false"/>
            <line number="247" hits="0" branch="false"/>
            <line number="248" hits="0" branch="false"/>
            <line number="249" hits="0" branch="false"/>
            <line number="252" hits="0" branch="false"/>
            <line number="253" hits="0" branch="false"/>
            <line number="255" hits="0" branch="false"/>
            <line number="262" hits="0" branch="false"/>
            <line number="264" hits="0" branch="false"/>
            <line number="265" hits="0" branch="false"/>
            <line number="267" hits="0" branch="false"/>
            <line number="268" hits="0" branch="false"/>
            <line number="269" hits="0" branch="false"/>
            <line number="271" hits="0" branch="false"/>
            <line number="272" hits="0" branch="false"/>
            <line number="275" hits="0" branch="false"/>
            <line number="277" hits="0" branch="false"/>
            <line number="278" hits="0" branch="false"/>
            <line number="279" hits="0" branch="false"/>
            <line number="281" hits="0" branch="false"/>
            <line number="298" hits="1" branch="false"/>
            <line number="301" hits="1" branch="false"/>
            <line number="302" hits="1" branch="false"/>
            <line number="303" hits="1" branch="false"/>
            <line number="304" hits="1" branch="false"/>
            <line number="305" hits="1" branch="false"/>
            <line number="306" hits="1" branch="false"/>
            <line number="308" hits="1" branch="false"/>
            <line number="309" hits="1" branch="false"/>
            <line number="310" hits="1" branch="false"/>
            <line number="312" hits="1" branch="false"/>
            <line number="313" hits="1" branch="false"/>
            <line number="314" hits="1" branch="false"/>
            <line number="315" hits="1" branch="false"/>
            <line number="316" hits="1" branch="false"/>
            <line number="317" hits="1" branch="false"/>
            <line number="318" hits="1" branch="false"/>
            <line number="321" hits="1" branch="false"/>
            <line number="322" hits="1" branch="false"/>
            <line number="323" hits="1" branch="false"/>
            <line number="324" hits="1" branch="false"/>
            <line number="325" hits="1" branch="false"/>
            <line number="326" hits="1" branch="false"/>
            <line number="328" hits="1" branch="false"/>
            <line number="329" hits="1" branch="false"/>
            <line number="330" hits="1" branch="false"/>
            <line number="331" hits="1" branch="false"/>
            <line number="332" hits="1" branch="false"/>
            <line number="333" hits="1" branch="false"/>
            <line number="334" hits="1" branch="false"/>
            <line number="336" hits="1" branch="false"/>
            <line number="337" hits="1" branch="false"/>
            <line number="338" hits="1" branch="false"/>
            <line number="339" hits="1" branch="false"/>
            <line number="340" hits="1" branch="false"/>
            <line number="341" hits="1" branch="false"/>
            <line number="342" hits="1" branch="false"/>
            <line number="343" hits="1" branch="false"/>
            <line number="344" hits="1" branch="false"/>
            <line number="345" hits="1" branch="false"/>
            <line number="346" hits="1" branch="false"/>
            <line number="347" hits="1" branch="false"/>
            <line number="348" hits="1" branch="false"/>
            <line number="349" hits="1" branch="false"/>
            <line number="350" hits="1" branch="false"/>
            <line number="351" hits="1" branch="false"/>
            <line number="352" hits="1" branch="false"/>
            <line number="353" hits="1" branch="false"/>
            <line number="354" hits="1" branch="false"/>
            <line number="355" hits="1" branch="false"/>
            <line number="357" hits="1" branch="false"/>
            <line number="358" hits="1" branch="false"/>
            <line number="359" hits="1" branch="false"/>
            <line number="360" hits="1" branch="false"/>
            <line number="361" hits="1" branch="false"/>
            <line number="362" hits="1" branch="false"/>
            <line number="363" hits="1" branch="false"/>
            <line number="366" hits="1" branch="false"/>
            <line number="367" hits="1" branch="false"/>
            <line number="368" hits="1" branch="false"/>
            <line number="369" hits="1" branch="false"/>
            <line number="370" hits="1" branch="false"/>
            <line number="371" hits="1" branch="false"/>
            <line number="372" hits="1" branch="false"/>
            <line number="373" hits="1" branch="false"/>
            <line number="374" hits="1" branch="false"/>
            <line number="375" hits="1" branch="false"/>
            <line number="377" hits="1" branch="false"/>
            <line number="378" hits="1" branch="false"/>
            <line number="379" hits="1" branch="false"/>
            <line number="380" hits="1" branch="false"/>
            <line number="381" hits="1" branch="false"/>
            <line number="382" hits="1" branch="false"/>
            <line number="383" hits="1" branch="false"/>
            <line number="386" hits="1" branch="false"/>
            <line number="387" hits="1" branch="false"/>
            <line number="388" hits="1" branch="false"/>
            <line number="389" hits="1" branch="false"/>
            <line number="390" hits="1" branch="false"/>
            <line number="391" hits="1" branch="false"/>
            <line number="392" hits="1" branch="false"/>
            <line number="393" hits="1" branch="false"/>
            <line number="394" hits="1" branch="false"/>
            <line number="395" hits="1" branch="false"/>
            <line number="401" hits="1" branch="false"/>
            <line number="402" hits="1" branch="false"/>
            <line number="403" hits="1" branch="false"/>
            <line number="405" hits="1" branch="false"/>
            <line number="406" hits="1" branch="false"/>
            <line number="407" hits="1" branch="false"/>
            <line number="408" hits="1" branch="false"/>
            <line number="409" hits="1" branch="false"/>
            <line number="410" hits="1" branch="false"/>
            <line number="411" hits="1" branch="false"/>
            <line number="412" hits="1" branch="false"/>
            <line number="414" hits="1" branch="false"/>
            <line number="415" hits="1" branch="false"/>
            <line number="416" hits="1" branch="false"/>
            <line number="417" hits="1" branch="false"/>
            <line number="418" hits="1" branch="false"/>
            <line number="419" hits="1" branch="false"/>
            <line number="420" hits="1" branch="false"/>
            <line number="421" hits="1" branch="false"/>
            <line number="422" hits="1" branch="false"/>
            <line number="423" hits="1" branch="false"/>
            <line number="426" hits="1" branch="false"/>
            <line number="431" hits="1" branch="false"/>
            <line number="433" hits="1" branch="false"/>
            <line number="436" hits="1" branch="false"/>
            <line number="437" hits="1" branch="false"/>
            <line number="438" hits="1" branch="false"/>
            <line number="439" hits="1" branch="false"/>
            <line number="441" hits="1" branch="false"/>
            <line number="460" hits="0" branch="false"/>
            <line number="463" hits="0" branch="false"/>
            <line number="464" hits="0" branch="false"/>
            <line number="465" hits="0" branch="false"/>
            <line number="466" hits="0" branch="false"/>
            <line number="467" hits="0" branch="false"/>
            <line number="468" hits="0" branch="false"/>
            <line number="470" hits="0" branch="false"/>
            <line number="471" hits="0" branch="false"/>
            <line number="472" hits="0" branch="false"/>
            <line number="473" hits="0" branch="false"/>
            <line number="474" hits="0" branch="false"/>
            <line number="475" hits="0" branch="false"/>
            <line number="476" hits="0" branch="false"/>
            <line number="477" hits="0" branch="false"/>
            <line number="478" hits="0" branch="false"/>
            <line number="479" hits="0" branch="false"/>
            <line number="480" hits="0" branch="false"/>
            <line number="481" hits="0" branch="false"/>
            <line number="482" hits="0" branch="false"/>
            <line number="483" hits="0" branch="false"/>
            <line number="484" hits="0" branch="false"/>
            <line number="485" hits="0" branch="false"/>
            <line number="487" hits="0" branch="false"/>
            <line number="488" hits="0" branch="false"/>
            <line number="489" hits="0" branch="false"/>
            <line number="490" hits="0" branch="false"/>
            <line number="491" hits="0" branch="false"/>
            <line number="492" hits="0" branch="false"/>
            <line number="493" hits="0" branch="false"/>
            <line number="498" hits="0" branch="false"/>
            <line number="499" hits="0" branch="false"/>
            <line number="500" hits="0" branch="false"/>
            <line number="501" hits="0" branch="false"/>
            <line number="502" hits="0" branch="false"/>
            <line number="503" hits="0" branch="false"/>
            <line number="504" hits="0" branch="false"/>
            <line number="506" hits="0" branch="false"/>
            <line number="507" hits="0" branch="false"/>
            <line number="508" hits="0" branch="false"/>
            <line number="509" hits="0" branch="false"/>
            <line number="510" hits="0" branch="false"/>
            <line number="511" hits="0" branch="false"/>
            <line number="512" hits="0" branch="false"/>
            <line number="513" hits="0" branch="false"/>
            <line number="515" hits="0" branch="false"/>
            <line number="516" hits="0" branch="false"/>
            <line number="517" hits="0" branch="false"/>
            <line number="518" hits="0" branch="false"/>
            <line number="519" hits="0" branch="false"/>
            <line number="520" hits="0" branch="false"/>
            <line number="521" hits="0" branch="false"/>
            <line number="522" hits="0" branch="false"/>
            <line number="523" hits="0" branch="false"/>
            <line number="524" hits="0" branch="false"/>
            <line number="525" hits="0" branch="false"/>
            <line number="526" hits="0" branch="false"/>
            <line number="527" hits="0" branch="false"/>
            <line number="528" hits="0" branch="false"/>
            <line number="529" hits="0" branch="false"/>
            <line number="530" hits="0" branch="false"/>
            <line number="533" hits="0" branch="false"/>
            <line number="538" hits="0" branch="false"/>
            <line number="540" hits="0" branch="false"/>
            <line number="543" hits="0" branch="false"/>
            <line number="544" hits="0" branch="false"/>
            <line number="545" hits="0" branch="false"/>
            <line number="546" hits="0" branch="false"/>
            <line number="547" hits="0" branch="false"/>
            <line number="548" hits="0" branch="false"/>
            <line number="551" hits="0" branch="false"/>
            <line number="552" hits="0" branch="false"/>
            <line number="553" hits="0" branch="false"/>
            <line number="554" hits="0" branch="false"/>
            <line number="555" hits="0" branch="false"/>
            <line number="557" hits="0" branch="false"/>
            <line number="558" hits="0" branch="false"/>
            <line number="559" hits="0" branch="false"/>
            <line number="560" hits="0" branch="false"/>
            <line number="562" hits="0" branch="false"/>
            <line number="583" hits="0" branch="false"/>
            <line number="586" hits="0" branch="false"/>
            <line number="587" hits="0" branch="false"/>
            <line number="588" hits="0" branch="false"/>
            <line number="589" hits="0" branch="false"/>
            <line number="590" hits="0" branch="false"/>
            <line number="591" hits="0" branch="false"/>
            <line number="593" hits="0" branch="false"/>
            <line number="594" hits="0" branch="false"/>
            <line number="595" hits="0" branch="false"/>
            <line number="596" hits="0" branch="false"/>
            <line number="597" hits="0" branch="false"/>
            <line number="598" hits="0" branch="false"/>
            <line number="599" hits="0" branch="false"/>
            <line number="600" hits="0" branch="false"/>
            <line number="601" hits="0" branch="false"/>
            <line number="602" hits="0" branch="false"/>
            <line number="603" hits="0" branch="false"/>
            <line number="604" hits="0" branch="false"/>
            <line number="605" hits="0" branch="false"/>
            <line number="606" hits="0" branch="false"/>
            <line number="607" hits="0" branch="false"/>
            <line number="608" hits="0" branch="false"/>
            <line number="610" hits="0" branch="false"/>
            <line number="611" hits="0" branch="false"/>
            <line number="612" hits="0" branch="false"/>
            <line number="613" hits="0" branch="false"/>
            <line number="614" hits="0" branch="false"/>
            <line number="615" hits="0" branch="false"/>
            <line number="617" hits="0" branch="false"/>
            <line number="618" hits="0" branch="false"/>
            <line number="619" hits="0" branch="false"/>
            <line number="620" hits="0" branch="false"/>
            <line number="621" hits="0" branch="false"/>
            <line number="622" hits="0" branch="false"/>
            <line number="623" hits="0" branch="false"/>
            <line number="624" hits="0" branch="false"/>
            <line number="625" hits="0" branch="false"/>
            <line number="626" hits="0" branch="false"/>
            <line number="627" hits="0" branch="false"/>
            <line number="628" hits="0" branch="false"/>
            <line number="629" hits="0" branch="false"/>
            <line number="630" hits="0" branch="false"/>
            <line number="634" hits="0" branch="false"/>
            <line number="635" hits="0" branch="false"/>
            <line number="637" hits="0" branch="false"/>
            <line number="638" hits="0" branch="false"/>
            <line number="639" hits="0" branch="false"/>
            <line number="641" hits="0" branch="false"/>
            <line number="642" hits="0" branch="false"/>
            <line number="643" hits="0" branch="false"/>
            <line number="644" hits="0" branch="false"/>
            <line number="645" hits="0" branch="false"/>
            <line number="647" hits="0" branch="false"/>
            <line number="648" hits="0" branch="false"/>
            <line number="649" hits="0" branch="false"/>
            <line number="650" hits="0" branch="false"/>
            <line number="651" hits="0" branch="false"/>
            <line number="652" hits="0" branch="false"/>
            <line number="653" hits="0" branch="false"/>
            <line number="654" hits="0" branch="false"/>
            <line number="656" hits="0" branch="false"/>
            <line number="657" hits="0" branch="false"/>
            <line number="658" hits="0" branch="false"/>
            <line number="659" hits="0" branch="false"/>
            <line number="660" hits="0" branch="false"/>
            <line number="661" hits="0" branch="false"/>
            <line number="662" hits="0" branch="false"/>
            <line number="663" hits="0" branch="false"/>
            <line number="664" hits="0" branch="false"/>
            <line number="665" hits="0" branch="false"/>
            <line number="666" hits="0" branch="false"/>
            <line number="667" hits="0" branch="false"/>
            <line number="668" hits="0" branch="false"/>
            <line number="669" hits="0" branch="false"/>
            <line number="670" hits="0" branch="false"/>
            <line number="671" hits="0" branch="false"/>
            <line number="672" hits="0" branch="false"/>
            <line number="675" hits="0" branch="false"/>
            <line number="678" hits="0" branch="false"/>
            <line number="679" hits="0" branch="false"/>
            <line number="680" hits="0" branch="false"/>
            <line number="683" hits="0" branch="false"/>
            <line number="684" hits="0" branch="false"/>
            <line number="685" hits="0" branch="false"/>
            <line number="686" hits="0" branch="false"/>
            <line number="687" hits="0" branch="false"/>
            <line number="689" hits="0" branch="false"/>
            <line number="690" hits="0" branch="false"/>
            <line number="691" hits="0" branch="false"/>
            <line number="692" hits="0" branch="false"/>
            <line number="694" hits="0" branch="false"/>
            <line number="714" hits="0" branch="false"/>
            <line number="717" hits="0" branch="false"/>
            <line number="718" hits="0" branch="false"/>
            <line number="719" hits="0" branch="false"/>
            <line number="720" hits="0" branch="false"/>
            <line number="721" hits="0" branch="false"/>
            <line number="722" hits="0" branch="false"/>
            <line number="724" hits="0" branch="false"/>
            <line number="725" hits="0" branch="false"/>
            <line number="726" hits="0" branch="false"/>
            <line number="727" hits="0" branch="false"/>
            <line number="728" hits="0" branch="false"/>
            <line number="729" hits="0" branch="false"/>
            <line number="730" hits="0" branch="false"/>
            <line number="731" hits="0" branch="false"/>
            <line number="732" hits="0" branch="false"/>
            <line number="733" hits="0" branch="false"/>
            <line number="734" hits="0" branch="false"/>
            <line number="735" hits="0" branch="false"/>
            <line number="736" hits="0" branch="false"/>
            <line number="737" hits="0" branch="false"/>
            <line number="738" hits="0" branch="false"/>
            <line number="739" hits="0" branch="false"/>
            <line number="741" hits="0" branch="false"/>
            <line number="742" hits="0" branch="false"/>
            <line number="743" hits="0" branch="false"/>
            <line number="744" hits="0" branch="false"/>
            <line number="745" hits="0" branch="false"/>
            <line number="746" hits="0" branch="false"/>
            <line number="747" hits="0" branch="false"/>
            <line number="748" hits="0" branch="false"/>
            <line number="749" hits="0" branch="false"/>
            <line number="753" hits="0" branch="false"/>
            <line number="754" hits="0" branch="false"/>
            <line number="756" hits="0" branch="false"/>
            <line number="757" hits="0" branch="false"/>
            <line number="758" hits="0" branch="false"/>
            <line number="760" hits="0" branch="false"/>
            <line number="761" hits="0" branch="false"/>
            <line number="762" hits="0" branch="false"/>
            <line number="763" hits="0" branch="false"/>
            <line number="764" hits="0" branch="false"/>
            <line number="766" hits="0" branch="false"/>
            <line number="767" hits="0" branch="false"/>
            <line number="768" hits="0" branch="false"/>
            <line number="769" hits="0" branch="false"/>
            <line number="770" hits="0" branch="false"/>
            <line number="771" hits="0" branch="false"/>
            <line number="772" hits="0" branch="false"/>
            <line number="773" hits="0" branch="false"/>
            <line number="775" hits="0" branch="false"/>
            <line number="776" hits="0" branch="false"/>
            <line number="777" hits="0" branch="false"/>
            <line number="778" hits="0" branch="false"/>
            <line number="779" hits="0" branch="false"/>
            <line number="780" hits="0" branch="false"/>
            <line number="781" hits="0" branch="false"/>
            <line number="782" hits="0" branch="false"/>
            <line number="783" hits="0" branch="false"/>
            <line number="784" hits="0" branch="false"/>
            <line number="785" hits="0" branch="false"/>
            <line number="786" hits="0" branch="false"/>
            <line number="787" hits="0" branch="false"/>
            <line number="788" hits="0" branch="false"/>
            <line number="789" hits="0" branch="false"/>
            <line number="790" hits="0" branch="false"/>
            <line number="791" hits="0" branch="false"/>
            <line number="794" hits="0" branch="false"/>
            <line number="797" hits="0" branch="false"/>
            <line number="798" hits="0" branch="false"/>
            <line number="799" hits="0" branch="false"/>
            <line number="802" hits="0" branch="false"/>
            <line number="803" hits="0" branch="false"/>
            <line number="804" hits="0" branch="false"/>
            <line number="805" hits="0" branch="false"/>
            <line number="806" hits="0" branch="false"/>
            <line number="808" hits="0" branch="false"/>
            <line number="809" hits="0" branch="false"/>
            <line number="810" hits="0" branch="false"/>
            <line number="811" hits="0" branch="false"/>
            <line number="813" hits="0" branch="false"/>
            <line number="833" hits="1" branch="false"/>
            <line number="836" hits="1" branch="false"/>
            <line number="839" hits="1" branch="false"/>
            <line number="840" hits="1" branch="false"/>
            <line number="841" hits="1" branch="false"/>
            <line number="842" hits="1" branch="false"/>
            <line number="843" hits="1" branch="false"/>
            <line number="844" hits="1" branch="false"/>
            <line number="847" hits="1" branch="false"/>
            <line number="848" hits="1" branch="false"/>
            <line number="849" hits="1" branch="false"/>
            <line number="850" hits="1" branch="false"/>
            <line number="851" hits="1" branch="false"/>
            <line number="852" hits="1" branch="false"/>
            <line number="853" hits="1" branch="false"/>
            <line number="854" hits="1" branch="false"/>
            <line number="856" hits="1" branch="false"/>
            <line number="857" hits="1" branch="false"/>
            <line number="858" hits="1" branch="false"/>
            <line number="859" hits="1" branch="false"/>
            <line number="860" hits="1" branch="false"/>
            <line number="861" hits="1" branch="false"/>
            <line number="862" hits="1" branch="false"/>
            <line number="863" hits="1" branch="false"/>
            <line number="866" hits="1" branch="false"/>
            <line number="868" hits="1" branch="false"/>
            <line number="871" hits="1" branch="false"/>
            <line number="872" hits="1" branch="false"/>
            <line number="873" hits="1" branch="false"/>
            <line number="874" hits="1" branch="false"/>
            <line number="875" hits="1" branch="false"/>
            <line number="876" hits="1" branch="false"/>
            <line number="877" hits="1" branch="false"/>
            <line number="878" hits="1" branch="false"/>
            <line number="880" hits="1" branch="false"/>
            <line number="899" hits="0" branch="false"/>
            <line number="902" hits="0" branch="false"/>
            <line number="903" hits="0" branch="false"/>
            <line number="904" hits="0" branch="false"/>
            <line number="905" hits="0" branch="false"/>
            <line number="906" hits="0" branch="false"/>
            <line number="908" hits="0" branch="false"/>
            <line number="909" hits="0" branch="false"/>
            <line number="910" hits="0" branch="false"/>
            <line number="911" hits="0" branch="false"/>
            <line number="912" hits="0" branch="false"/>
            <line number="913" hits="0" branch="false"/>
            <line number="914" hits="0" branch="false"/>
            <line number="916" hits="0" branch="false"/>
            <line number="917" hits="0" branch="false"/>
            <line number="918" hits="0" branch="false"/>
            <line number="919" hits="0" branch="false"/>
            <line number="920" hits="0" branch="false"/>
            <line number="922" hits="0" branch="false"/>
            <line number="923" hits="0" branch="false"/>
            <line number="924" hits="0" branch="false"/>
            <line number="925" hits="0" branch="false"/>
            <line number="926" hits="0" branch="false"/>
            <line number="927" hits="0" branch="false"/>
            <line number="928" hits="0" branch="false"/>
            <line number="930" hits="0" branch="false"/>
            <line number="931" hits="0" branch="false"/>
            <line number="932" hits="0" branch="false"/>
            <line number="933" hits="0" branch="false"/>
            <line number="934" hits="0" branch="false"/>
            <line number="935" hits="0" branch="false"/>
            <line number="936" hits="0" branch="false"/>
            <line number="938" hits="0" branch="false"/>
            <line number="954" hits="0" branch="false"/>
            <line number="955" hits="0" branch="false"/>
            <line number="956" hits="0" branch="false"/>
            <line number="957" hits="0" branch="false"/>
            <line number="958" hits="0" branch="false"/>
            <line number="959" hits="0" branch="false"/>
            <line number="960" hits="0" branch="false"/>
            <line number="961" hits="0" branch="false"/>
            <line number="963" hits="0" branch="false"/>
          </lines>
        </class>
        <class name="m1_emissions_rescale.R" filename="R/m1_emissions_rescale.R" line-rate="0.818505338078292" branch-rate="0" complexity="0">
          <methods>
            <method name="m1_emissions_rescale" signature="" line-rate="0.818505338078292" branch-rate="0" complexity="0">
              <lines>
                <line number="28" hits="14" branch="false"/>
                <line number="29" hits="0" branch="false"/>
                <line number="36" hits="0" branch="false"/>
                <line number="37" hits="0" branch="false"/>
                <line number="43" hits="0" branch="false"/>
                <line number="44" hits="0" branch="false"/>
                <line number="45" hits="0" branch="false"/>
                <line number="46" hits="0" branch="false"/>
                <line number="47" hits="0" branch="false"/>
                <line number="50" hits="14" branch="false"/>
                <line number="51" hits="14" branch="false"/>
                <line number="54" hits="14" branch="false"/>
                <line number="56" hits="14" branch="false"/>
                <line number="57" hits="14" branch="false"/>
                <line number="58" hits="14" branch="false"/>
                <line number="59" hits="14" branch="false"/>
                <line number="60" hits="14" branch="false"/>
                <line number="61" hits="14" branch="false"/>
                <line number="64" hits="14" branch="false"/>
                <line number="65" hits="14" branch="false"/>
                <line number="66" hits="14" branch="false"/>
                <line number="69" hits="14" branch="false"/>
                <line number="70" hits="14" branch="false"/>
                <line number="71" hits="0" branch="false"/>
                <line number="72" hits="0" branch="false"/>
                <line number="73" hits="0" branch="false"/>
                <line number="74" hits="0" branch="false"/>
                <line number="75" hits="0" branch="false"/>
                <line number="76" hits="0" branch="false"/>
                <line number="77" hits="0" branch="false"/>
                <line number="78" hits="0" branch="false"/>
                <line number="81" hits="0" branch="false"/>
                <line number="82" hits="0" branch="false"/>
                <line number="83" hits="0" branch="false"/>
                <line number="84" hits="0" branch="false"/>
                <line number="85" hits="0" branch="false"/>
                <line number="86" hits="0" branch="false"/>
                <line number="87" hits="0" branch="false"/>
                <line number="88" hits="0" branch="false"/>
                <line number="91" hits="0" branch="false"/>
                <line number="93" hits="0" branch="false"/>
                <line number="95" hits="14" branch="false"/>
                <line number="96" hits="14" branch="false"/>
                <line number="98" hits="14" branch="false"/>
                <line number="101" hits="0" branch="false"/>
                <line number="103" hits="14" branch="false"/>
                <line number="104" hits="14" branch="false"/>
                <line number="105" hits="14" branch="false"/>
                <line number="106" hits="14" branch="false"/>
                <line number="107" hits="14" branch="false"/>
                <line number="108" hits="14" branch="false"/>
                <line number="113" hits="14" branch="false"/>
                <line number="114" hits="14" branch="false"/>
                <line number="115" hits="14" branch="false"/>
                <line number="116" hits="14" branch="false"/>
                <line number="117" hits="14" branch="false"/>
                <line number="118" hits="14" branch="false"/>
                <line number="119" hits="14" branch="false"/>
                <line number="120" hits="14" branch="false"/>
                <line number="121" hits="14" branch="false"/>
                <line number="122" hits="14" branch="false"/>
                <line number="123" hits="14" branch="false"/>
                <line number="124" hits="14" branch="false"/>
                <line number="125" hits="14" branch="false"/>
                <line number="127" hits="14" branch="false"/>
                <line number="128" hits="14" branch="false"/>
                <line number="129" hits="14" branch="false"/>
                <line number="130" hits="14" branch="false"/>
                <line number="131" hits="14" branch="false"/>
                <line number="132" hits="14" branch="false"/>
                <line number="133" hits="14" branch="false"/>
                <line number="134" hits="14" branch="false"/>
                <line number="135" hits="14" branch="false"/>
                <line number="136" hits="14" branch="false"/>
                <line number="137" hits="14" branch="false"/>
                <line number="138" hits="14" branch="false"/>
                <line number="139" hits="14" branch="false"/>
                <line number="140" hits="14" branch="false"/>
                <line number="141" hits="14" branch="false"/>
                <line number="142" hits="14" branch="false"/>
                <line number="144" hits="14" branch="false"/>
                <line number="145" hits="14" branch="false"/>
                <line number="146" hits="14" branch="false"/>
                <line number="147" hits="14" branch="false"/>
                <line number="150" hits="14" branch="false"/>
                <line number="151" hits="14" branch="false"/>
                <line number="152" hits="14" branch="false"/>
                <line number="153" hits="14" branch="false"/>
                <line number="156" hits="14" branch="false"/>
                <line number="157" hits="14" branch="false"/>
                <line number="158" hits="14" branch="false"/>
                <line number="160" hits="14" branch="false"/>
                <line number="162" hits="14" branch="false"/>
                <line number="163" hits="14" branch="false"/>
                <line number="164" hits="14" branch="false"/>
                <line number="168" hits="14" branch="false"/>
                <line number="169" hits="14" branch="false"/>
                <line number="170" hits="14" branch="false"/>
                <line number="171" hits="14" branch="false"/>
                <line number="172" hits="14" branch="false"/>
                <line number="174" hits="14" branch="false"/>
                <line number="175" hits="14" branch="false"/>
                <line number="176" hits="14" branch="false"/>
                <line number="177" hits="14" branch="false"/>
                <line number="178" hits="14" branch="false"/>
                <line number="179" hits="14" branch="false"/>
                <line number="180" hits="14" branch="false"/>
                <line number="181" hits="14" branch="false"/>
                <line number="182" hits="14" branch="false"/>
                <line number="183" hits="14" branch="false"/>
                <line number="184" hits="14" branch="false"/>
                <line number="187" hits="14" branch="false"/>
                <line number="188" hits="14" branch="false"/>
                <line number="189" hits="14" branch="false"/>
                <line number="190" hits="14" branch="false"/>
                <line number="191" hits="14" branch="false"/>
                <line number="192" hits="14" branch="false"/>
                <line number="193" hits="14" branch="false"/>
                <line number="194" hits="14" branch="false"/>
                <line number="196" hits="14" branch="false"/>
                <line number="197" hits="14" branch="false"/>
                <line number="198" hits="14" branch="false"/>
                <line number="199" hits="14" branch="false"/>
                <line number="200" hits="14" branch="false"/>
                <line number="201" hits="14" branch="false"/>
                <line number="202" hits="14" branch="false"/>
                <line number="203" hits="14" branch="false"/>
[...]
            <line number="663" hits="3" branch="false"/>
            <line number="665" hits="3" branch="false"/>
            <line number="666" hits="3" branch="false"/>
            <line number="668" hits="3" branch="false"/>
            <line number="669" hits="3" branch="false"/>
            <line number="670" hits="3" branch="false"/>
            <line number="675" hits="3" branch="false"/>
            <line number="676" hits="3" branch="false"/>
            <line number="677" hits="3" branch="false"/>
            <line number="678" hits="3" branch="false"/>
            <line number="681" hits="3" branch="false"/>
            <line number="682" hits="3" branch="false"/>
            <line number="683" hits="3" branch="false"/>
            <line number="684" hits="3" branch="false"/>
            <line number="685" hits="3" branch="false"/>
            <line number="687" hits="3" branch="false"/>
            <line number="688" hits="3" branch="false"/>
            <line number="690" hits="3" branch="false"/>
            <line number="693" hits="3" branch="false"/>
            <line number="694" hits="3" branch="false"/>
            <line number="695" hits="3" branch="false"/>
            <line number="696" hits="3" branch="false"/>
            <line number="701" hits="3" branch="false"/>
            <line number="702" hits="3" branch="false"/>
            <line number="703" hits="3" branch="false"/>
            <line number="710" hits="3" branch="false"/>
            <line number="718" hits="3" branch="false"/>
            <line number="719" hits="0" branch="false"/>
            <line number="720" hits="0" branch="false"/>
            <line number="721" hits="3" branch="false"/>
            <line number="723" hits="3" branch="false"/>
            <line number="725" hits="0" branch="false"/>
            <line number="727" hits="0" branch="false"/>
            <line number="735" hits="3" branch="false"/>
            <line number="737" hits="0" branch="false"/>
            <line number="738" hits="0" branch="false"/>
            <line number="739" hits="0" branch="false"/>
            <line number="740" hits="0" branch="false"/>
            <line number="741" hits="0" branch="false"/>
            <line number="742" hits="0" branch="false"/>
            <line number="743" hits="0" branch="false"/>
            <line number="744" hits="0" branch="false"/>
            <line number="745" hits="0" branch="false"/>
            <line number="748" hits="0" branch="false"/>
            <line number="749" hits="0" branch="false"/>
            <line number="750" hits="0" branch="false"/>
            <line number="751" hits="0" branch="false"/>
            <line number="752" hits="0" branch="false"/>
            <line number="753" hits="0" branch="false"/>
            <line number="754" hits="0" branch="false"/>
            <line number="762" hits="3" branch="false"/>
            <line number="791" hits="1" branch="false"/>
            <line number="792" hits="0" branch="false"/>
            <line number="798" hits="0" branch="false"/>
            <line number="804" hits="0" branch="false"/>
            <line number="805" hits="0" branch="false"/>
            <line number="806" hits="0" branch="false"/>
            <line number="807" hits="0" branch="false"/>
            <line number="808" hits="0" branch="false"/>
            <line number="811" hits="1" branch="false"/>
            <line number="814" hits="1" branch="false"/>
            <line number="816" hits="1" branch="false"/>
            <line number="817" hits="1" branch="false"/>
            <line number="818" hits="1" branch="false"/>
            <line number="819" hits="1" branch="false"/>
            <line number="820" hits="1" branch="false"/>
            <line number="821" hits="1" branch="false"/>
            <line number="824" hits="1" branch="false"/>
            <line number="827" hits="1" branch="false"/>
            <line number="830" hits="1" branch="false"/>
            <line number="832" hits="1" branch="false"/>
            <line number="833" hits="1" branch="false"/>
            <line number="835" hits="1" branch="false"/>
            <line number="836" hits="1" branch="false"/>
            <line number="837" hits="1" branch="false"/>
            <line number="838" hits="1" branch="false"/>
            <line number="839" hits="1" branch="false"/>
            <line number="840" hits="1" branch="false"/>
            <line number="843" hits="1" branch="false"/>
            <line number="844" hits="1" branch="false"/>
            <line number="847" hits="1" branch="false"/>
            <line number="848" hits="1" branch="false"/>
            <line number="849" hits="1" branch="false"/>
            <line number="850" hits="1" branch="false"/>
            <line number="851" hits="1" branch="false"/>
            <line number="852" hits="1" branch="false"/>
            <line number="853" hits="1" branch="false"/>
            <line number="854" hits="1" branch="false"/>
            <line number="855" hits="1" branch="false"/>
            <line number="856" hits="1" branch="false"/>
            <line number="857" hits="1" branch="false"/>
            <line number="858" hits="1" branch="false"/>
            <line number="859" hits="1" branch="false"/>
            <line number="860" hits="1" branch="false"/>
            <line number="861" hits="1" branch="false"/>
            <line number="862" hits="1" branch="false"/>
            <line number="863" hits="1" branch="false"/>
            <line number="864" hits="1" branch="false"/>
            <line number="868" hits="1" branch="false"/>
            <line number="869" hits="1" branch="false"/>
            <line number="870" hits="1" branch="false"/>
            <line number="871" hits="1" branch="false"/>
            <line number="872" hits="1" branch="false"/>
            <line number="873" hits="1" branch="false"/>
            <line number="874" hits="1" branch="false"/>
            <line number="875" hits="1" branch="false"/>
            <line number="876" hits="1" branch="false"/>
            <line number="877" hits="1" branch="false"/>
            <line number="880" hits="1" branch="false"/>
            <line number="881" hits="1" branch="false"/>
            <line number="882" hits="1" branch="false"/>
            <line number="883" hits="1" branch="false"/>
            <line number="884" hits="1" branch="false"/>
            <line number="887" hits="1" branch="false"/>
            <line number="888" hits="1" branch="false"/>
            <line number="889" hits="1" branch="false"/>
            <line number="890" hits="1" branch="false"/>
            <line number="891" hits="1" branch="false"/>
            <line number="894" hits="1" branch="false"/>
            <line number="895" hits="1" branch="false"/>
            <line number="896" hits="1" branch="false"/>
            <line number="897" hits="1" branch="false"/>
            <line number="898" hits="1" branch="false"/>
            <line number="899" hits="1" branch="false"/>
            <line number="900" hits="1" branch="false"/>
            <line number="901" hits="1" branch="false"/>
            <line number="902" hits="1" branch="false"/>
            <line number="903" hits="1" branch="false"/>
            <line number="904" hits="1" branch="false"/>
            <line number="905" hits="1" branch="false"/>
            <line number="906" hits="1" branch="false"/>
            <line number="907" hits="1" branch="false"/>
            <line number="908" hits="1" branch="false"/>
            <line number="909" hits="1" branch="false"/>
            <line number="910" hits="1" branch="false"/>
            <line number="911" hits="1" branch="false"/>
            <line number="912" hits="1" branch="false"/>
            <line number="913" hits="1" branch="false"/>
            <line number="914" hits="1" branch="false"/>
            <line number="915" hits="1" branch="false"/>
            <line number="916" hits="1" branch="false"/>
            <line number="917" hits="1" branch="false"/>
            <line number="918" hits="1" branch="false"/>
            <line number="919" hits="1" branch="false"/>
            <line number="920" hits="1" branch="false"/>
            <line number="921" hits="1" branch="false"/>
            <line number="922" hits="1" branch="false"/>
            <line number="923" hits="1" branch="false"/>
            <line number="924" hits="1" branch="false"/>
            <line number="925" hits="1" branch="false"/>
            <line number="926" hits="1" branch="false"/>
            <line number="935" hits="1" branch="false"/>
            <line number="936" hits="1" branch="false"/>
            <line number="937" hits="1" branch="false"/>
            <line number="938" hits="1" branch="false"/>
            <line number="939" hits="1" branch="false"/>
            <line number="940" hits="1" branch="false"/>
            <line number="941" hits="1" branch="false"/>
            <line number="942" hits="1" branch="false"/>
            <line number="948" hits="1" branch="false"/>
            <line number="950" hits="1" branch="false"/>
            <line number="951" hits="1" branch="false"/>
            <line number="952" hits="1" branch="false"/>
            <line number="953" hits="1" branch="false"/>
            <line number="954" hits="1" branch="false"/>
            <line number="955" hits="1" branch="false"/>
            <line number="956" hits="1" branch="false"/>
            <line number="957" hits="1" branch="false"/>
            <line number="963" hits="1" branch="false"/>
            <line number="964" hits="1" branch="false"/>
            <line number="965" hits="1" branch="false"/>
            <line number="973" hits="1" branch="false"/>
            <line number="980" hits="1" branch="false"/>
            <line number="981" hits="0" branch="false"/>
            <line number="982" hits="0" branch="false"/>
            <line number="983" hits="1" branch="false"/>
            <line number="985" hits="1" branch="false"/>
            <line number="987" hits="0" branch="false"/>
            <line number="989" hits="0" branch="false"/>
            <line number="998" hits="1" branch="false"/>
            <line number="1000" hits="0" branch="false"/>
            <line number="1001" hits="0" branch="false"/>
            <line number="1002" hits="0" branch="false"/>
            <line number="1003" hits="0" branch="false"/>
            <line number="1004" hits="0" branch="false"/>
            <line number="1005" hits="0" branch="false"/>
            <line number="1006" hits="0" branch="false"/>
            <line number="1009" hits="0" branch="false"/>
            <line number="1010" hits="0" branch="false"/>
            <line number="1011" hits="0" branch="false"/>
            <line number="1012" hits="0" branch="false"/>
            <line number="1013" hits="0" branch="false"/>
            <line number="1014" hits="0" branch="false"/>
            <line number="1015" hits="0" branch="false"/>
            <line number="1023" hits="1" branch="false"/>
            <line number="1055" hits="1" branch="false"/>
            <line number="1056" hits="0" branch="false"/>
            <line number="1062" hits="0" branch="false"/>
            <line number="1068" hits="0" branch="false"/>
            <line number="1069" hits="0" branch="false"/>
            <line number="1070" hits="0" branch="false"/>
            <line number="1071" hits="0" branch="false"/>
            <line number="1072" hits="0" branch="false"/>
            <line number="1075" hits="1" branch="false"/>
            <line number="1078" hits="1" branch="false"/>
            <line number="1080" hits="1" branch="false"/>
            <line number="1081" hits="1" branch="false"/>
            <line number="1082" hits="1" branch="false"/>
            <line number="1083" hits="1" branch="false"/>
            <line number="1084" hits="1" branch="false"/>
            <line number="1085" hits="1" branch="false"/>
            <line number="1088" hits="1" branch="false"/>
            <line number="1091" hits="1" branch="false"/>
            <line number="1094" hits="1" branch="false"/>
            <line number="1097" hits="1" branch="false"/>
            <line number="1099" hits="1" branch="false"/>
            <line number="1100" hits="1" branch="false"/>
            <line number="1102" hits="1" branch="false"/>
            <line number="1103" hits="1" branch="false"/>
            <line number="1104" hits="1" branch="false"/>
            <line number="1105" hits="1" branch="false"/>
            <line number="1106" hits="1" branch="false"/>
            <line number="1107" hits="1" branch="false"/>
            <line number="1109" hits="1" branch="false"/>
            <line number="1110" hits="1" branch="false"/>
            <line number="1112" hits="1" branch="false"/>
            <line number="1113" hits="1" branch="false"/>
            <line number="1114" hits="1" branch="false"/>
            <line number="1115" hits="1" branch="false"/>
            <line number="1116" hits="1" branch="false"/>
            <line number="1117" hits="1" branch="false"/>
            <line number="1118" hits="1" branch="false"/>
            <line number="1119" hits="1" branch="false"/>
            <line number="1120" hits="1" branch="false"/>
            <line number="1124" hits="1" branch="false"/>
            <line number="1125" hits="1" branch="false"/>
            <line number="1126" hits="1" branch="false"/>
            <line number="1128" hits="1" branch="false"/>
            <line number="1129" hits="1" branch="false"/>
            <line number="1130" hits="1" branch="false"/>
            <line number="1131" hits="1" branch="false"/>
            <line number="1135" hits="1" branch="false"/>
            <line number="1136" hits="1" branch="false"/>
            <line number="1137" hits="1" branch="false"/>
            <line number="1138" hits="1" branch="false"/>
            <line number="1139" hits="1" branch="false"/>
            <line number="1140" hits="1" branch="false"/>
            <line number="1141" hits="1" branch="false"/>
            <line number="1142" hits="1" branch="false"/>
            <line number="1143" hits="1" branch="false"/>
            <line number="1144" hits="1" branch="false"/>
            <line number="1145" hits="1" branch="false"/>
            <line number="1146" hits="1" branch="false"/>
            <line number="1147" hits="1" branch="false"/>
            <line number="1148" hits="1" branch="false"/>
            <line number="1149" hits="1" branch="false"/>
            <line number="1150" hits="1" branch="false"/>
            <line number="1151" hits="1" branch="false"/>
            <line number="1152" hits="1" branch="false"/>
            <line number="1156" hits="1" branch="false"/>
            <line number="1157" hits="1" branch="false"/>
            <line number="1158" hits="1" branch="false"/>
            <line number="1159" hits="1" branch="false"/>
            <line number="1160" hits="1" branch="false"/>
            <line number="1161" hits="1" branch="false"/>
            <line number="1162" hits="1" branch="false"/>
            <line number="1163" hits="1" branch="false"/>
            <line number="1164" hits="1" branch="false"/>
            <line number="1165" hits="1" branch="false"/>
            <line number="1168" hits="1" branch="false"/>
            <line number="1169" hits="1" branch="false"/>
            <line number="1170" hits="1" branch="false"/>
            <line number="1171" hits="1" branch="false"/>
            <line number="1172" hits="1" branch="false"/>
            <line number="1175" hits="1" branch="false"/>
            <line number="1176" hits="1" branch="false"/>
            <line number="1177" hits="1" branch="false"/>
            <line number="1178" hits="1" branch="false"/>
            <line number="1179" hits="1" branch="false"/>
            <line number="1182" hits="1" branch="false"/>
            <line number="1183" hits="1" branch="false"/>
            <line number="1184" hits="1" branch="false"/>
            <line number="1185" hits="1" branch="false"/>
            <line number="1186" hits="1" branch="false"/>
            <line number="1187" hits="1" branch="false"/>
            <line number="1188" hits="1" branch="false"/>
            <line number="1189" hits="1" branch="false"/>
            <line number="1190" hits="1" branch="false"/>
            <line number="1191" hits="1" branch="false"/>
            <line number="1192" hits="1" branch="false"/>
            <line number="1193" hits="1" branch="false"/>
            <line number="1194" hits="1" branch="false"/>
            <line number="1195" hits="1" branch="false"/>
            <line number="1196" hits="1" branch="false"/>
            <line number="1197" hits="1" branch="false"/>
            <line number="1198" hits="1" branch="false"/>
            <line number="1199" hits="1" branch="false"/>
            <line number="1200" hits="1" branch="false"/>
            <line number="1201" hits="1" branch="false"/>
            <line number="1202" hits="1" branch="false"/>
            <line number="1203" hits="1" branch="false"/>
            <line number="1204" hits="1" branch="false"/>
            <line number="1205" hits="1" branch="false"/>
            <line number="1206" hits="1" branch="false"/>
            <line number="1207" hits="1" branch="false"/>
            <line number="1208" hits="1" branch="false"/>
            <line number="1209" hits="1" branch="false"/>
            <line number="1210" hits="1" branch="false"/>
            <line number="1211" hits="1" branch="false"/>
            <line number="1212" hits="1" branch="false"/>
            <line number="1213" hits="1" branch="false"/>
            <line number="1214" hits="1" branch="false"/>
            <line number="1218" hits="1" branch="false"/>
            <line number="1220" hits="1" branch="false"/>
            <line number="1221" hits="1" branch="false"/>
            <line number="1222" hits="1" branch="false"/>
            <line number="1223" hits="1" branch="false"/>
            <line number="1224" hits="1" branch="false"/>
            <line number="1225" hits="1" branch="false"/>
            <line number="1226" hits="1" branch="false"/>
            <line number="1227" hits="1" branch="false"/>
            <line number="1233" hits="1" branch="false"/>
            <line number="1240" hits="1" branch="false"/>
            <line number="1247" hits="1" branch="false"/>
            <line number="1248" hits="0" branch="false"/>
            <line number="1249" hits="0" branch="false"/>
            <line number="1250" hits="1" branch="false"/>
            <line number="1253" hits="1" branch="false"/>
            <line number="1255" hits="0" branch="false"/>
            <line number="1257" hits="0" branch="false"/>
            <line number="1266" hits="1" branch="false"/>
            <line number="1268" hits="0" branch="false"/>
            <line number="1269" hits="0" branch="false"/>
            <line number="1270" hits="0" branch="false"/>
            <line number="1271" hits="0" branch="false"/>
            <line number="1272" hits="0" branch="false"/>
            <line number="1273" hits="0" branch="false"/>
            <line number="1274" hits="0" branch="false"/>
            <line number="1277" hits="0" branch="false"/>
            <line number="1278" hits="0" branch="false"/>
            <line number="1279" hits="0" branch="false"/>
            <line number="1280" hits="0" branch="false"/>
            <line number="1281" hits="0" branch="false"/>
            <line number="1282" hits="0" branch="false"/>
            <line number="1283" hits="0" branch="false"/>
            <line number="1291" hits="1" branch="false"/>
          </lines>
        </class>
      </classes>
    </package>
  </packages>
</coverage>
